\BOOKMARK [1][-]{section.1}{\376\377\000I\000n\000t\000r\000o\000d\000u\000c\000c\000i\000\363\000n}{}% 1
\BOOKMARK [2][-]{subsection.1.1}{\376\377\000D\000o\000s\000\040\000i\000n\000s\000t\000r\000u\000m\000e\000n\000t\000o\000s\000\040\000p\000a\000r\000a\000\040\000d\000o\000s\000\040\000p\000r\000e\000g\000u\000n\000t\000a\000s\000\040\000d\000i\000s\000t\000i\000n\000t\000a\000s}{section.1}% 2
\BOOKMARK [2][-]{subsection.1.2}{\376\377\000E\000l\000\040\000c\000a\000s\000o\000\040\000c\000h\000i\000l\000e\000n\000o}{section.1}% 3
\BOOKMARK [1][-]{section.2}{\376\377\000M\000e\000t\000o\000d\000o\000l\000o\000g\000\355\000a\000\040\000d\000e\000l\000\040\000p\000i\000p\000e\000l\000i\000n\000e}{}% 4
\BOOKMARK [2][-]{subsection.2.1}{\376\377\000P\000a\000s\000o\000\040\0001\000.\000\040\000R\000e\000c\000o\000l\000e\000c\000t\000a\000r}{section.2}% 5
\BOOKMARK [2][-]{subsection.2.2}{\376\377\000P\000a\000s\000o\000\040\0002\000.\000\040\000C\000o\000n\000v\000e\000r\000t\000i\000r\000\040\000c\000o\000n\000\040\000M\000a\000r\000k\000I\000t\000D\000o\000w\000n}{section.2}% 6
\BOOKMARK [2][-]{subsection.2.3}{\376\377\000P\000a\000s\000o\000\040\0002\000b\000.\000\040\000N\000o\000r\000m\000a\000l\000i\000z\000a\000r\000\040\000p\000a\000r\000a\000\040\000e\000l\000\040\000R\000A\000G}{section.2}% 7
\BOOKMARK [2][-]{subsection.2.4}{\376\377\000P\000a\000s\000o\000\040\0003\000.\000\040\000C\000o\000n\000s\000t\000r\000u\000i\000r\000\040\000e\000l\000\040\000g\000r\000a\000f\000o\000\040\000c\000o\000n\000\040\000G\000r\000a\000p\000h\000i\000f\000y}{section.2}% 8
\BOOKMARK [2][-]{subsection.2.5}{\376\377\000P\000a\000s\000o\000\040\0004\000.\000\040\000G\000e\000n\000e\000r\000a\000r\000\040\000l\000a\000\040\000w\000i\000k\000i}{section.2}% 9
\BOOKMARK [2][-]{subsection.2.6}{\376\377\000P\000a\000s\000o\000\040\0005\000.\000\040\000C\000o\000n\000s\000u\000l\000t\000a\000r}{section.2}% 10
\BOOKMARK [2][-]{subsection.2.7}{\376\377\000M\000a\000n\000t\000e\000n\000i\000m\000i\000e\000n\000t\000o}{section.2}% 11
\BOOKMARK [1][-]{section.3}{\376\377\000I\000m\000p\000l\000e\000m\000e\000n\000t\000a\000c\000i\000\363\000n\000\040\000e\000n\000\040\000e\000l\000\040\000c\000o\000r\000p\000u\000s\000\040\000c\000h\000i\000l\000e\000n\000o}{}% 12
\BOOKMARK [2][-]{subsection.3.1}{\376\377\000C\000o\000m\000p\000o\000s\000i\000c\000i\000\363\000n\000\040\000d\000e\000l\000\040\000c\000o\000r\000p\000u\000s}{section.3}% 13
\BOOKMARK [2][-]{subsection.3.2}{\376\377\000E\000l\000\040\000a\000r\000c\000h\000i\000v\000o\000\040\000C\000L\000A\000U\000D\000E\000.\000m\000d\000\040\000c\000o\000m\000o\000\040\000d\000i\000s\000e\000\361\000o\000\040\000d\000e\000l\000\040\000e\000s\000q\000u\000e\000m\000a}{section.3}% 14
\BOOKMARK [1][-]{section.4}{\376\377\000R\000e\000s\000u\000l\000t\000a\000d\000o\000s\000\040\000p\000r\000e\000l\000i\000m\000i\000n\000a\000r\000e\000s}{}% 15
\BOOKMARK [2][-]{subsection.4.1}{\376\377\000M\000\351\000t\000r\000i\000c\000a\000s\000\040\000d\000e\000l\000\040\000g\000r\000a\000f\000o\000\040\000\050\000T\000r\000a\000c\000k\000s\000\040\000A\000\040\000+\000\040\000C\000\051}{section.4}% 16
\BOOKMARK [2][-]{subsection.4.2}{\376\377\000N\000o\000d\000o\000s\000\040\000m\000\341\000s\000\040\000c\000o\000n\000e\000c\000t\000a\000d\000o\000s\000\040\000d\000e\000l\000\040\000g\000r\000a\000f\000o}{section.4}% 17
\BOOKMARK [2][-]{subsection.4.3}{\376\377\000B\000r\000e\000c\000h\000a\000s\000\040\000y\000\040\000s\000i\000l\000e\000n\000c\000i\000o\000s\000\040\000d\000e\000l\000\040\000c\000o\000r\000p\000u\000s}{section.4}% 18
\BOOKMARK [1][-]{section.5}{\376\377\000E\000l\000\040\000p\000r\000o\000t\000o\000c\000o\000l\000o\000\040\000d\000e\000\040\000c\000o\000n\000s\000u\000l\000t\000a}{}% 19
\BOOKMARK [1][-]{section.6}{\376\377\000E\000l\000\040\000s\000i\000s\000t\000e\000m\000a\000\040\000R\000A\000G\000\040\000v\000e\000c\000t\000o\000r\000i\000a\000l}{}% 20
\BOOKMARK [2][-]{subsection.6.1}{\376\377\000A\000r\000q\000u\000i\000t\000e\000c\000t\000u\000r\000a\000\040\000g\000e\000n\000e\000r\000a\000l}{section.6}% 21
\BOOKMARK [2][-]{subsection.6.2}{\376\377\000H\000e\000r\000r\000a\000m\000i\000e\000n\000t\000a\000s\000\040\000y\000\040\000d\000e\000c\000i\000s\000i\000o\000n\000e\000s\000\040\000d\000e\000\040\000d\000i\000s\000e\000\361\000o}{section.6}% 22
\BOOKMARK [2][-]{subsection.6.3}{\376\377\000C\000o\000n\000s\000t\000r\000u\000c\000c\000i\000\363\000n\000\040\000d\000e\000l\000\040\000\355\000n\000d\000i\000c\000e}{section.6}% 23
\BOOKMARK [2][-]{subsection.6.4}{\376\377\000I\000n\000t\000e\000r\000f\000a\000z\000\040\000d\000e\000\040\000c\000o\000n\000s\000u\000l\000t\000a\000:\000\040\000a\000s\000k\000.\000s\000h}{section.6}% 24
\BOOKMARK [2][-]{subsection.6.5}{\376\377\000R\000e\000s\000u\000l\000t\000a\000d\000o\000s\000\040\000d\000e\000l\000\040\000p\000i\000l\000o\000t\000o}{section.6}% 25
\BOOKMARK [1][-]{section.7}{\376\377\000D\000i\000s\000c\000u\000s\000i\000\363\000n}{}% 26
\BOOKMARK [2][-]{subsection.7.1}{\376\377\000I\000n\000v\000e\000s\000t\000i\000g\000a\000c\000i\000\363\000n\000\040\000e\000s\000t\000r\000u\000c\000t\000u\000r\000a\000l\000\040\000y\000\040\000p\000r\000\341\000c\000t\000i\000c\000a\000\040\000d\000i\000a\000r\000i\000a}{section.7}% 27
\BOOKMARK [2][-]{subsection.7.2}{\376\377\000E\000l\000\040\000v\000a\000l\000o\000r\000\040\000d\000e\000\040\000l\000a\000s\000\040\000b\000r\000e\000c\000h\000a\000s\000\040\000y\000\040\000e\000l\000\040\000c\000o\000n\000t\000r\000o\000l\000\040\000d\000e\000l\000\040\000e\000r\000r\000o\000r}{section.7}% 28
\BOOKMARK [2][-]{subsection.7.3}{\376\377\000E\000x\000t\000e\000n\000s\000i\000o\000n\000e\000s}{section.7}% 29
\BOOKMARK [1][-]{section.8}{\376\377\000C\000o\000n\000c\000l\000u\000s\000i\000\363\000n}{}% 30
\BOOKMARK [1][-]{appendix.Alph1}{\376\377\000C\000o\000n\000t\000e\000n\000i\000d\000o\000\040\000d\000e\000l\000\040\000a\000r\000c\000h\000i\000v\000o\000\040\000C\000L\000A\000U\000D\000E\000.\000m\000d\000\040\000\050\000v\000e\000r\000s\000i\000\363\000n\000\040\000a\000n\000o\000n\000i\000m\000i\000z\000a\000d\000a\000\051}{}% 31
\BOOKMARK [1][-]{appendix.Alph2}{\376\377\000E\000j\000e\000m\000p\000l\000o\000s\000\040\000d\000e\000\040\000c\000o\000n\000s\000u\000l\000t\000a\000s\000\040\000a\000l\000\040\000g\000r\000a\000f\000o}{}% 32
\BOOKMARK [1][-]{appendix.Alph3}{\376\377\000T\000a\000b\000l\000a\000\040\000r\000e\000s\000u\000m\000e\000n\000\040\000d\000e\000\040\000r\000e\000s\000u\000l\000t\000a\000d\000o\000s\000\040\000p\000r\000e\000l\000i\000m\000i\000n\000a\000r\000e\000s}{}% 33
\BOOKMARK [1][-]{appendix.Alph4}{\376\377\000D\000e\000c\000i\000s\000i\000o\000n\000e\000s\000\040\000d\000e\000\040\000d\000i\000s\000e\000\361\000o\000\040\000d\000e\000l\000\040\000s\000i\000s\000t\000e\000m\000a\000\040\000R\000A\000G}{}% 34
\BOOKMARK [1][-]{appendix.Alph5}{\376\377\000G\000l\000o\000s\000a\000r\000i\000o\000\040\000d\000e\000\040\000t\000\351\000r\000m\000i\000n\000o\000s\000\040\000t\000\351\000c\000n\000i\000c\000o\000s}{}% 35
